-------------------------------------------------------------------------------
Test set: Day1.LoginTest
-------------------------------------------------------------------------------
Tests run: 2, Failures: 1, Errors: 0, Skipped: 1, Time elapsed: 0.653 sec <<< FAILURE!
userName(Day1.LoginTest)  Time elapsed: 0.432 sec  <<< FAILURE!
java.lang.NullPointerException: Cannot invoke "org.openqa.selenium.WebDriver.findElement(org.openqa.selenium.By)" because "Day1.LoginTest.driver" is null
	at Day1.LoginTest.userName(LoginTest.java:26)

